2023-12-18 10:33:44,606 INFO - Log entry at 2023/12/18 10:33:44
2023-12-18 10:33:45,598 INFO - Log entry at 2023/12/18 10:33:45
2023-12-18 10:33:46,590 INFO - Log entry at 2023/12/18 10:33:46
2023-12-18 10:33:47,587 INFO - Log entry at 2023/12/18 10:33:47
2023-12-18 10:33:48,596 INFO - Log entry at 2023/12/18 10:33:48
2023-12-18 10:33:49,592 INFO - Log entry at 2023/12/18 10:33:49
2023-12-18 10:33:50,585 INFO - Log entry at 2023/12/18 10:33:50
2023-12-18 10:33:51,595 INFO - Log entry at 2023/12/18 10:33:51
2023-12-18 10:33:52,593 INFO - Log entry at 2023/12/18 10:33:52
2023-12-18 10:33:53,584 INFO - Log entry at 2023/12/18 10:33:53
2023-12-18 10:33:54,589 INFO - Log entry at 2023/12/18 10:33:54
2023-12-18 10:33:55,597 INFO - Log entry at 2023/12/18 10:33:55
2023-12-18 10:52:49,608 INFO - Log entry at 2023/12/18 10:52:49
2023-12-18 10:52:50,597 INFO - Log entry at 2023/12/18 10:52:50
2023-12-18 10:52:51,604 INFO - Log entry at 2023/12/18 10:52:51
2023-12-18 10:52:52,600 INFO - Log entry at 2023/12/18 10:52:52
2023-12-18 10:52:53,587 INFO - Log entry at 2023/12/18 10:52:53
2023-12-18 10:52:54,588 INFO - Log entry at 2023/12/18 10:52:54
2023-12-18 10:52:55,605 INFO - Log entry at 2023/12/18 10:52:55
2023-12-18 10:52:56,587 INFO - Log entry at 2023/12/18 10:52:56
2023-12-18 10:58:17,973 INFO - Log entry at 2023/12/18 10:58:17
2023-12-18 10:58:18,961 INFO - Log entry at 2023/12/18 10:58:18
2023-12-18 10:58:19,963 INFO - Log entry at 2023/12/18 10:58:19
2023-12-18 11:04:41,004 INFO - Log entry at 2023/12/18 11:04:40
2023-12-18 11:04:41,992 INFO - Log entry at 2023/12/18 11:04:41
2023-12-18 11:04:42,996 INFO - Log entry at 2023/12/18 11:04:42
2023-12-18 11:04:43,997 INFO - Log entry at 2023/12/18 11:04:43
2023-12-18 11:04:44,992 INFO - Log entry at 2023/12/18 11:04:44
2023-12-18 11:04:45,555 INFO - Log entry at 2023/12/18 11:04:45
2023-12-18 11:04:45,993 INFO - Log entry at 2023/12/18 11:04:45
2023-12-18 11:04:46,996 INFO - Log entry at 2023/12/18 11:04:46
2023-12-18 11:04:48,001 INFO - Log entry at 2023/12/18 11:04:48
2023-12-18 11:04:48,990 INFO - Log entry at 2023/12/18 11:04:48
2023-12-19 08:51:57,472 INFO - Application starting...
2023-12-19 08:56:38,518 INFO - Application starting...
2023-12-19 10:27:36,494 INFO - Application starting...
2023-12-19 10:29:21,434 INFO - Application starting...
2023-12-19 10:30:55,514 INFO - Application starting...
2023-12-19 10:34:28,211 INFO - Application starting...
2023-12-19 11:13:06,067 INFO - Application starting...
2023-12-19 11:13:10,758 INFO - Callback subscribed to Even event
2023-12-19 11:13:24,965 INFO - Callback unsubscribed from Even event
2023-12-19 11:16:12,926 INFO - Application starting...
2023-12-19 11:16:15,764 INFO - Callback subscribed to Odd event
2023-12-19 11:16:28,247 INFO - Callback subscribed to Even event
2023-12-19 11:16:36,029 INFO - Callback unsubscribed from Even event
2023-12-19 11:16:46,299 INFO - Callback subscribed from Odd event
2023-12-19 11:16:46,509 INFO - Callback subscribed from Odd event
2023-12-19 11:16:54,170 INFO - Callback subscribed to Even event
2023-12-19 11:16:59,869 INFO - Callback unsubscribed from Even event
2023-12-19 11:17:01,285 INFO - Callback subscribed to Even event
2023-12-19 11:17:07,672 INFO - Callback unsubscribed from Even event
2023-12-19 11:17:22,229 INFO - Callback subscribed to Even event
2023-12-19 11:17:40,025 INFO - Callback subscribed from Odd event
2023-12-19 11:17:54,047 INFO - Application starting...
2023-12-19 11:18:00,555 INFO - Callback subscribed to Odd event
2023-12-19 11:18:10,467 INFO - Callback subscribed to Even event
2023-12-19 11:18:16,948 INFO - Callback unsubscribed from Even event
2023-12-19 11:18:18,973 INFO - Callback subscribed from Odd event
2023-12-19 11:18:29,693 INFO - Callback subscribed from Odd event
2023-12-19 11:18:30,843 INFO - Callback subscribed to Even event
2023-12-19 11:19:32,318 INFO - Application starting...
2023-12-19 11:19:39,790 INFO - Callback subscribed to Even event
2023-12-19 11:19:41,835 INFO - Callback subscribed to Odd event
2023-12-19 11:20:29,510 INFO - Application starting...
2023-12-19 11:20:40,626 INFO - Callback subscribed to Odd event
2023-12-19 11:20:47,747 INFO - Callback subscribed from Odd event
2023-12-19 11:20:53,913 INFO - Callback subscribed to Even event
2023-12-19 11:20:56,999 INFO - Callback unsubscribed from Even event
2023-12-19 11:20:58,179 INFO - Callback subscribed to Even event
2023-12-19 11:21:00,335 INFO - Callback subscribed from Odd event
2023-12-19 11:21:56,310 INFO - Application starting...
2023-12-19 11:21:58,771 INFO - Callback subscribed to Odd event
2023-12-19 11:22:01,665 INFO - Callback subscribed from Odd event
2023-12-19 11:22:10,037 INFO - Callback subscribed to Even event
2023-12-19 11:22:13,409 INFO - Callback unsubscribed from Even event
2023-12-19 11:22:22,565 INFO - Callback subscribed from Odd event
2023-12-19 11:22:22,781 INFO - Callback subscribed from Odd event
2023-12-19 11:23:07,844 INFO - Application starting...
2023-12-19 11:23:09,757 INFO - Callback subscribed to Odd event
2023-12-19 11:23:15,728 INFO - Callback subscribed from Odd event
2023-12-19 11:23:17,315 INFO - Callback subscribed to Odd event
2023-12-19 11:23:22,839 INFO - Callback subscribed to Even event
2023-12-19 11:23:27,511 INFO - Callback unsubscribed from Even event
2023-12-19 11:23:28,555 INFO - Callback subscribed from Odd event
2023-12-19 11:23:33,047 INFO - Callback subscribed to Even event
2023-12-19 11:23:35,821 INFO - Callback subscribed to Odd event
2023-12-19 11:23:49,033 INFO - Callback unsubscribed from Even event
2023-12-19 11:23:49,787 INFO - Callback subscribed from Odd event
2023-12-19 11:26:02,811 INFO - Application starting...
2023-12-19 11:26:10,130 INFO - Callback subscribed to Even event
2023-12-19 11:26:12,705 INFO - Callback subscribed to Odd event
2023-12-19 11:26:17,799 INFO - Callback unsubscribed from Even event
2023-12-19 11:26:22,194 INFO - Callback subscribed from Odd event
2023-12-19 11:37:52,226 INFO - Application starting...
2023-12-19 11:37:56,955 INFO - Callback subscribed to Even event
2023-12-19 11:40:02,884 INFO - Application starting...
2023-12-19 11:40:20,364 INFO - Callback subscribed to Even event
2023-12-19 11:40:25,733 INFO - Callback subscribed to Odd event
2023-12-19 11:54:36,246 INFO - Application starting...
2023-12-19 11:54:39,347 INFO - Subscribed to both events
2023-12-19 11:54:41,059 INFO - Callback subscribed to Even event
2023-12-19 11:54:41,780 INFO - Callback subscribed to Odd event
2023-12-19 11:54:46,060 INFO - Unsubscribed from both events
2023-12-19 11:54:46,738 INFO - Callback unsubscribed from Even event
2023-12-19 11:54:47,412 INFO - Callback subscribed from Odd event
2023-12-19 11:54:48,534 INFO - Unsubscribed from both events
2023-12-19 11:57:03,140 INFO - Application starting...
2023-12-19 11:57:04,409 INFO - Subscribed to both events
2023-12-19 11:57:07,038 INFO - Callback subscribed to Even event
2023-12-19 11:57:11,190 INFO - Callback subscribed to Odd event
2023-12-19 11:57:14,068 INFO - Unsubscribed from both events
2023-12-19 11:57:15,226 INFO - Callback unsubscribed from Even event
2023-12-19 11:57:17,046 INFO - Callback subscribed from Odd event
2023-12-19 11:57:18,649 INFO - Unsubscribed from both events
2023-12-19 12:53:51,039 INFO - Application starting...
2023-12-19 12:53:53,738 ERROR - Subscribed to both events
2023-12-19 12:53:57,018 ERROR - Callback subscribed to Even event
2023-12-19 12:54:02,943 ERROR - Callback subscribed to Odd event
2023-12-19 12:54:08,064 ERROR - Callback unsubscribed from Even event
2023-12-19 12:54:11,140 ERROR - Callback subscribed from Odd event
2023-12-19 12:54:13,009 ERROR - Callback subscribed to Odd event
2023-12-19 12:54:17,033 ERROR - Callback subscribed from Odd event
2023-12-19 12:54:18,579 ERROR - Unsubscribed from both events
2023-12-19 12:54:20,397 ERROR - Unsubscribed from both events
2023-12-19 12:56:56,928 INFO - Application starting...
2023-12-19 12:56:58,956 ERROR - Subscribed to BothEvents
2023-12-19 12:57:01,708 ERROR - Unsubscribed from BothEvents
2023-12-19 12:57:02,338 ERROR - Callback subscribed to EvenEvent
2023-12-19 12:57:05,340 ERROR - Callback subscribed to OddEvent
2023-12-19 12:57:11,254 ERROR - Callback unsubscribed from OddEvent
2023-12-19 12:57:13,914 ERROR - Callback unsubscribed from EvenEvent
2023-12-19 12:57:15,409 ERROR - Unsubscribed from BothEvents
2023-12-19 12:57:16,777 ERROR - Unsubscribed from BothEvents
2023-12-19 12:59:09,807 INFO - Application starting...
2023-12-19 12:59:11,749 ERROR - Subscribed to BothEvents
2023-12-19 12:59:17,384 ERROR - Unsubscribed from BothEvents
2023-12-19 12:59:18,792 ERROR - Callback subscribed to EvenEvent
2023-12-19 12:59:28,348 ERROR - Callback unsubscribed from EvenEvent
2023-12-19 12:59:57,581 INFO - Application starting...
2023-12-19 12:59:59,773 INFO - Subscribed to BothEvents
2023-12-19 13:00:01,420 INFO - Callback subscribed to EvenEvent
2023-12-19 13:00:07,350 INFO - Callback subscribed to OddEvent
2023-12-19 13:00:09,724 INFO - Callback unsubscribed from EvenEvent
2023-12-19 13:00:10,419 INFO - Callback unsubscribed from OddEvent
2023-12-19 13:00:11,122 INFO - Unsubscribed from BothEvents
2023-12-19 13:00:12,465 INFO - Unsubscribed from BothEvents
2023-12-19 13:34:06,673 INFO - Application starting...
2023-12-19 13:34:08,369 INFO - Start button on BothEvents clicked
2023-12-19 13:34:08,369 INFO - Subscribed to BothEvents
2023-12-19 13:34:12,266 INFO - Start button on EvenEvent clicked
2023-12-19 13:34:12,266 INFO - Callback subscribed to EvenEvent
2023-12-19 13:34:14,278 INFO - Start button on OddEvent clicked
2023-12-19 13:34:14,279 INFO - Callback subscribed to OddEvent
2023-12-19 13:34:21,750 INFO - Stop button on BothEvents clicked
2023-12-19 13:34:21,751 INFO - Unsubscribed from BothEvents
2023-12-19 13:34:22,542 INFO - Stop button on EvenEvent clicked
2023-12-19 13:34:22,542 INFO - Callback unsubscribed from EvenEvent
2023-12-19 13:34:23,170 INFO - Stop button on OddEvent clicked
2023-12-19 13:34:23,171 INFO - Callback unsubscribed from OddEvent
2023-12-19 13:34:25,126 INFO - Application is closing
2023-12-19 13:34:25,126 INFO - Unsubscribed from BothEvents
2023-12-19 13:59:42,967 INFO - Application starting...
2023-12-19 13:59:44,926 INFO - Start button on BothEvents clicked
2023-12-19 13:59:44,926 INFO - Subscribed to BothEvents
2023-12-19 13:59:44,926 INFO - Starting Timer if no timer is instantiated
2023-12-19 13:59:44,937 INFO - Printing message and Invoking Even and Odd events
2023-12-19 13:59:45,926 INFO - Printing message and Invoking Even and Odd events
2023-12-19 13:59:46,942 INFO - Printing message and Invoking Even and Odd events
2023-12-19 13:59:47,909 INFO - Start button on EvenEvent clicked
2023-12-19 13:59:47,909 INFO - Callback subscribed to EvenEvent
2023-12-19 13:59:47,943 INFO - Printing message and Invoking Even and Odd events
2023-12-19 13:59:48,926 INFO - Printing message and Invoking Even and Odd events
2023-12-19 13:59:49,009 INFO - Start button on OddEvent clicked
2023-12-19 13:59:49,009 INFO - Callback subscribed to OddEvent
2023-12-19 13:59:49,929 INFO - Printing message and Invoking Even and Odd events
2023-12-19 13:59:50,928 INFO - Printing message and Invoking Even and Odd events
2023-12-19 13:59:51,932 INFO - Printing message and Invoking Even and Odd events
2023-12-19 13:59:52,932 INFO - Printing message and Invoking Even and Odd events
2023-12-19 13:59:53,927 INFO - Printing message and Invoking Even and Odd events
2023-12-19 13:59:54,815 INFO - Stop button on BothEvents clicked
2023-12-19 13:59:54,815 INFO - Unsubscribed from BothEvents
2023-12-19 13:59:54,934 INFO - Printing message and Invoking Even and Odd events
2023-12-19 13:59:55,936 INFO - Printing message and Invoking Even and Odd events
2023-12-19 13:59:56,934 INFO - Printing message and Invoking Even and Odd events
2023-12-19 13:59:57,053 INFO - Stop button on EvenEvent clicked
2023-12-19 13:59:57,053 INFO - Callback unsubscribed from EvenEvent
2023-12-19 13:59:57,936 INFO - Printing message and Invoking Even and Odd events
2023-12-19 13:59:58,669 INFO - Stop button on OddEvent clicked
2023-12-19 13:59:58,669 INFO - Callback unsubscribed from OddEvent
2023-12-19 13:59:58,939 INFO - Printing message and Invoking Even and Odd events
2023-12-19 13:59:59,588 INFO - Unsubscribed from BothEvents
2023-12-19 13:59:59,588 INFO - Application is closing
2023-12-19 14:02:37,213 INFO - Application starting...
2023-12-19 14:02:38,656 INFO - Start button on BothEvents clicked
2023-12-19 14:02:38,656 INFO - Subscribed to BothEvents
2023-12-19 14:02:38,656 INFO - Starting Timer if no timer is instantiated
2023-12-19 14:02:41,189 INFO - Start button on EvenEvent clicked
2023-12-19 14:02:41,190 INFO - Callback subscribed to EvenEvent
2023-12-19 14:02:41,845 INFO - Start button on OddEvent clicked
2023-12-19 14:02:41,846 INFO - Callback subscribed to OddEvent
2023-12-19 14:02:50,147 INFO - Stop button on BothEvents clicked
2023-12-19 14:02:50,147 INFO - Unsubscribed from BothEvents
2023-12-19 14:02:54,027 INFO - Stop button on EvenEvent clicked
2023-12-19 14:02:54,027 INFO - Callback unsubscribed from EvenEvent
2023-12-19 14:02:57,463 INFO - Stop button on OddEvent clicked
2023-12-19 14:02:57,463 INFO - Callback unsubscribed from OddEvent
2023-12-19 14:03:01,099 INFO - Timer disposed
2023-12-19 14:03:01,099 INFO - Unsubscribed from BothEvents
2023-12-19 14:03:01,099 INFO - Application is closing
2023-12-19 14:11:45,350 INFO - Application starting...
2023-12-19 14:11:50,590 INFO - Start button on BothEvents clicked
2023-12-19 14:11:50,590 INFO - Subscribed to BothEvents
2023-12-19 14:11:50,590 INFO - Starting Timer if no timer is instantiated
2023-12-19 14:11:52,467 INFO - Start button on EvenEvent clicked
2023-12-19 14:11:52,468 INFO - Subscribed to EvenEvent
2023-12-19 14:11:52,997 INFO - Start button on OddEvent clicked
2023-12-19 14:11:52,997 INFO - Subscribed to OddEvent
2023-12-19 14:12:02,265 INFO - Stop button on BothEvents clicked
2023-12-19 14:12:02,266 INFO - Unsubscribed from BothEvents
2023-12-19 14:12:06,583 INFO - Stop button on EvenEvent clicked
2023-12-19 14:12:06,583 INFO - Unsubscribed from EvenEvent
2023-12-19 14:12:07,534 INFO - Stop button on OddEvent clicked
2023-12-19 14:12:07,535 INFO - Unsubscribed from OddEvent
2023-12-19 14:12:08,840 INFO - Timer disposed
2023-12-19 14:12:08,841 INFO - Unsubscribed from BothEvents
2023-12-19 14:12:08,841 INFO - There's no EvenEvent to unsubscribe from
2023-12-19 14:12:08,841 INFO - There's no OddEvent to unsubscribe from
2023-12-19 14:12:08,841 INFO - Application is closing
2023-12-19 14:12:45,444 INFO - Application starting...
2023-12-19 14:12:46,698 INFO - Start button on BothEvents clicked
2023-12-19 14:12:46,698 INFO - Subscribed to BothEvents
2023-12-19 14:12:46,699 INFO - Starting Timer if no timer is instantiated
2023-12-19 14:12:47,295 INFO - Start button on EvenEvent clicked
2023-12-19 14:12:47,295 INFO - Subscribed to EvenEvent
2023-12-19 14:12:47,993 INFO - Start button on OddEvent clicked
2023-12-19 14:12:47,993 INFO - Subscribed to OddEvent
2023-12-19 14:12:51,191 INFO - Timer disposed
2023-12-19 14:12:51,191 INFO - Unsubscribed from BothEvents
2023-12-19 14:12:51,192 INFO - Unsubscribed from EvenEvent
2023-12-19 14:12:51,192 INFO - Unsubscribed from OddEvent
2023-12-19 14:12:51,192 INFO - Application is closing
